This is pdfTeX, Version 3.141592653-2.6-1.40.24 (MiKTeX 22.8.28) (preloaded format=pdflatex 2022.6.1)  26 APR 2023 17:14
entering extended mode
 restricted \write18 enabled.
 %&-line parsing enabled.
**./Masterarbeit.tex
(Masterarbeit.tex
LaTeX2e <2021-11-15> patch level 1
L3 programming layer <2022-05-04>
(/home/alex/.miktex/texmfs/install/tex/latex/koma-script/scrbook.cls
Document Class: scrbook 2022/05/01 v3.36 KOMA-Script document class (book)
(/home/alex/.miktex/texmfs/install/tex/latex/koma-script/scrkbase.sty
Package: scrkbase 2022/05/01 v3.36 KOMA-Script package (KOMA-Script-dependent b
asics and keyval usage)

(/home/alex/.miktex/texmfs/install/tex/latex/koma-script/scrbase.sty
Package: scrbase 2022/05/01 v3.36 KOMA-Script package (KOMA-Script-independent 
basics and keyval usage)

(/home/alex/.miktex/texmfs/install/tex/latex/koma-script/scrlfile.sty
Package: scrlfile 2022/05/01 v3.36 KOMA-Script package (file load hooks)

(/home/alex/.miktex/texmfs/install/tex/latex/koma-script/scrlfile-hook.sty
Package: scrlfile-hook 2022/05/01 v3.36 KOMA-Script package (using LaTeX hooks)


(/home/alex/.miktex/texmfs/install/tex/latex/koma-script/scrlogo.sty
Package: scrlogo 2022/05/01 v3.36 KOMA-Script package (logo)
)))
(/home/alex/.miktex/texmfs/install/tex/latex/graphics/keyval.sty
Package: keyval 2014/10/28 v1.15 key=value parser (DPC)
\KV@toks@=\toks16
)
Applying: [2021/05/01] Usage of raw or classic option list on input line 252.
Already applied: [0000/00/00] Usage of raw or classic option list on input line
 368.
))
(/home/alex/.miktex/texmfs/install/tex/latex/koma-script/tocbasic.sty
Package: tocbasic 2022/05/01 v3.36 KOMA-Script package (handling toc-files)
\scr@dte@tocline@numberwidth=\skip47
\scr@dte@tocline@numbox=\box50
)
Package tocbasic Info: babel extension for `toc' omitted
(tocbasic)             because of missing \bbl@set@language on input line 137.
Package scrbook Info: You've used standard option `12pt'.
(scrbook)             This is correct!
(scrbook)             Internally I'm using `fontsize=12pt'.
(scrbook)             If you'd like to set the option with \KOMAoptions,
(scrbook)             you'd have to use `fontsize=12pt' there
(scrbook)             instead of `12pt', too.
Class scrbook Info: File `scrsize12pt.clo' used to setup font sizes on input li
ne 2505.

(/home/alex/.miktex/texmfs/install/tex/latex/koma-script/scrsize12pt.clo
File: scrsize12pt.clo 2022/05/01 v3.36 KOMA-Script font size class option (12pt
)
)
(/home/alex/.miktex/texmfs/install/tex/latex/koma-script/typearea.sty
Package: typearea 2022/05/01 v3.36 KOMA-Script package (type area)
\ta@bcor=\skip48
\ta@div=\count185
Package typearea Info: You've used standard option `a4paper'.
(typearea)             This is correct!
(typearea)             Internally I'm using `paper=a4'.
(typearea)             If you'd like to set the option with \KOMAoptions,
(typearea)             you'd have to use `paper=a4' there
(typearea)             instead of `a4paper', too.
\ta@hblk=\skip49
\ta@vblk=\skip50
\ta@temp=\skip51
\footheight=\skip52
Package typearea Info: These are the values describing the layout:
(typearea)             DIV  = 12
(typearea)             BCOR = 0.0pt
(typearea)             \paperwidth      = 597.50793pt
(typearea)              \textwidth      = 448.13095pt
(typearea)              DIV departure   = -6%
(typearea)              \evensidemargin = 27.31467pt
(typearea)              \oddsidemargin  = -22.47766pt
(typearea)             \paperheight     = 845.04694pt
(typearea)              \textheight     = 635.5pt
(typearea)              \topmargin      = -41.72441pt
(typearea)              \headheight     = 18.125pt
(typearea)              \headsep        = 21.75pt
(typearea)              \topskip        = 12.0pt
(typearea)              \footskip       = 50.75pt
(typearea)              \baselineskip   = 14.5pt
(typearea)              on input line 1744.
)
\c@part=\count186
\c@chapter=\count187
\c@section=\count188
\c@subsection=\count189
\c@subsubsection=\count190
\c@paragraph=\count191
\c@subparagraph=\count192
\scr@dte@chapter@maxnumwidth=\skip53
Class scrbook Info: using compatibility default `afterindent=bysign'
(scrbook)           for `\chapter on input line 5737.
\scr@dte@section@maxnumwidth=\skip54
Class scrbook Info: using compatibility default `runin=bysign'
(scrbook)           for `\section on input line 5748.
Class scrbook Info: using compatibility default `afterindent=bysign'
(scrbook)           for `\section on input line 5748.
\scr@dte@part@maxnumwidth=\skip55
Class scrbook Info: using compatibility default `afterindent=true'
(scrbook)           for `\part on input line 5757.
\scr@dte@subsection@maxnumwidth=\skip56
Class scrbook Info: using compatibility default `runin=bysign'
(scrbook)           for `\subsection on input line 5767.
Class scrbook Info: using compatibility default `afterindent=bysign'
(scrbook)           for `\subsection on input line 5767.
\scr@dte@subsubsection@maxnumwidth=\skip57
Class scrbook Info: using compatibility default `runin=bysign'
(scrbook)           for `\subsubsection on input line 5777.
Class scrbook Info: using compatibility default `afterindent=bysign'
(scrbook)           for `\subsubsection on input line 5777.
\scr@dte@paragraph@maxnumwidth=\skip58
Class scrbook Info: using compatibility default `runin=bysign'
(scrbook)           for `\paragraph on input line 5788.
Class scrbook Info: using compatibility default `afterindent=bysign'
(scrbook)           for `\paragraph on input line 5788.
\scr@dte@subparagraph@maxnumwidth=\skip59
Class scrbook Info: using compatibility default `runin=bysign'
(scrbook)           for `\subparagraph on input line 5798.
Class scrbook Info: using compatibility default `afterindent=bysign'
(scrbook)           for `\subparagraph on input line 5798.
\abovecaptionskip=\skip60
\belowcaptionskip=\skip61
\c@pti@nb@sid@b@x=\box51
Package tocbasic Info: babel extension for `lof' omitted
(tocbasic)             because of missing \bbl@set@language on input line 6967.

\scr@dte@figure@maxnumwidth=\skip62
\c@figure=\count193
Package tocbasic Info: babel extension for `lot' omitted
(tocbasic)             because of missing \bbl@set@language on input line 6984.

\scr@dte@table@maxnumwidth=\skip63
\c@table=\count194
Class scrbook Info: Redefining `\numberline' on input line 7155.
\bibindent=\dimen138
)
(/home/alex/.miktex/texmfs/install/tex/generic/babel/babel.sty
Package: babel 2022/05/22 3.75 The Babel package
\babel@savecnt=\count195
\U@D=\dimen139
\l@unhyphenated=\language79

(/home/alex/.miktex/texmfs/install/tex/generic/babel/txtbabel.def)
\bbl@readstream=\read2
\bbl@dirlevel=\count196

*************************************
* Local config file bblopts.cfg used
*
(/home/alex/.miktex/texmfs/install/tex/latex/arabi/bblopts.cfg
File: bblopts.cfg 2005/09/08 v0.1 add Arabic and Farsi to "declared" options of
 babel
)
(/home/alex/.miktex/texmfs/install/tex/latex/babel-english/british.ldf
Language: british 2017/06/06 v3.3r English support from the babel system

(/home/alex/.miktex/texmfs/install/tex/latex/babel-english/english.ldf
Language: english 2017/06/06 v3.3r English support from the babel system
Package babel Info: Hyphen rules for 'canadian' set to \l@english
(babel)             (\language0). Reported on input line 102.
Package babel Info: Hyphen rules for 'australian' set to \l@ukenglish
(babel)             (\language73). Reported on input line 105.
Package babel Info: Hyphen rules for 'newzealand' set to \l@ukenglish
(babel)             (\language73). Reported on input line 108.
)))
(/home/alex/.miktex/texmfs/install/tex/generic/babel/locale/en/babel-british.te
x
(/home/alex/.miktex/texmfs/install/tex/generic/babel/locale/en/babel-english-un
itedkingdom.tex
Package babel Info: Importing font and identification data for british
(babel)             from babel-en-GB.ini. Reported on input line 11.
)) (/home/alex/.miktex/texmfs/install/tex/latex/base/fontenc.sty
Package: fontenc 2021/04/29 v2.0v Standard LaTeX package
) (/home/alex/.miktex/texmfs/install/tex/latex/base/inputenc.sty
Package: inputenc 2021/02/14 v1.3d Input encoding file
\inpenc@prehook=\toks17
\inpenc@posthook=\toks18
)
(/home/alex/.miktex/texmfs/install/tex/latex/lm/lmodern.sty
Package: lmodern 2015/05/01 v1.6.1 Latin Modern Fonts
LaTeX Font Info:    Overwriting symbol font `operators' in version `normal'
(Font)                  OT1/cmr/m/n --> OT1/lmr/m/n on input line 22.
LaTeX Font Info:    Overwriting symbol font `letters' in version `normal'
(Font)                  OML/cmm/m/it --> OML/lmm/m/it on input line 23.
LaTeX Font Info:    Overwriting symbol font `symbols' in version `normal'
(Font)                  OMS/cmsy/m/n --> OMS/lmsy/m/n on input line 24.
LaTeX Font Info:    Overwriting symbol font `largesymbols' in version `normal'
(Font)                  OMX/cmex/m/n --> OMX/lmex/m/n on input line 25.
LaTeX Font Info:    Overwriting symbol font `operators' in version `bold'
(Font)                  OT1/cmr/bx/n --> OT1/lmr/bx/n on input line 26.
LaTeX Font Info:    Overwriting symbol font `letters' in version `bold'
(Font)                  OML/cmm/b/it --> OML/lmm/b/it on input line 27.
LaTeX Font Info:    Overwriting symbol font `symbols' in version `bold'
(Font)                  OMS/cmsy/b/n --> OMS/lmsy/b/n on input line 28.
LaTeX Font Info:    Overwriting symbol font `largesymbols' in version `bold'
(Font)                  OMX/cmex/m/n --> OMX/lmex/m/n on input line 29.
LaTeX Font Info:    Overwriting math alphabet `\mathbf' in version `normal'
(Font)                  OT1/cmr/bx/n --> OT1/lmr/bx/n on input line 31.
LaTeX Font Info:    Overwriting math alphabet `\mathsf' in version `normal'
(Font)                  OT1/cmss/m/n --> OT1/lmss/m/n on input line 32.
LaTeX Font Info:    Overwriting math alphabet `\mathit' in version `normal'
(Font)                  OT1/cmr/m/it --> OT1/lmr/m/it on input line 33.
LaTeX Font Info:    Overwriting math alphabet `\mathtt' in version `normal'
(Font)                  OT1/cmtt/m/n --> OT1/lmtt/m/n on input line 34.
LaTeX Font Info:    Overwriting math alphabet `\mathbf' in version `bold'
(Font)                  OT1/cmr/bx/n --> OT1/lmr/bx/n on input line 35.
LaTeX Font Info:    Overwriting math alphabet `\mathsf' in version `bold'
(Font)                  OT1/cmss/bx/n --> OT1/lmss/bx/n on input line 36.
LaTeX Font Info:    Overwriting math alphabet `\mathit' in version `bold'
(Font)                  OT1/cmr/bx/it --> OT1/lmr/bx/it on input line 37.
LaTeX Font Info:    Overwriting math alphabet `\mathtt' in version `bold'
(Font)                  OT1/cmtt/m/n --> OT1/lmtt/m/n on input line 38.
)
(/home/alex/.miktex/texmfs/install/tex/latex/caption/caption.sty
Package: caption 2022/03/01 v3.6b Customizing captions (AR)

(/home/alex/.miktex/texmfs/install/tex/latex/caption/caption3.sty
Package: caption3 2022/03/17 v2.3b caption3 kernel (AR)
\caption@tempdima=\dimen140
\captionmargin=\dimen141
\caption@leftmargin=\dimen142
\caption@rightmargin=\dimen143
\caption@width=\dimen144
\caption@indent=\dimen145
\caption@parindent=\dimen146
\caption@hangindent=\dimen147
Package caption Info: KOMA-Script document class detected.

(/home/alex/.miktex/texmfs/install/tex/latex/caption/caption-koma.sto
File: caption-koma.sto 2020/09/21 v2.0b Adaption of the caption package to the 
KOMA-Script document classes (AR)
))
\c@caption@flags=\count197
\c@continuedfloat=\count198
)
(/home/alex/.miktex/texmfs/install/tex/latex/caption/subcaption.sty
Package: subcaption 2022/01/07 v1.5 Sub-captions (AR)
\c@subfigure=\count199
\c@subtable=\count266
)
(/home/alex/.miktex/texmfs/install/tex/latex/graphics/graphicx.sty
Package: graphicx 2021/09/16 v1.2d Enhanced LaTeX Graphics (DPC,SPQR)

(/home/alex/.miktex/texmfs/install/tex/latex/graphics/graphics.sty
Package: graphics 2021/03/04 v1.4d Standard LaTeX Graphics (DPC,SPQR)

(/home/alex/.miktex/texmfs/install/tex/latex/graphics/trig.sty
Package: trig 2021/08/11 v1.11 sin cos tan (DPC)
)
(/home/alex/.miktex/texmfs/install/tex/latex/graphics-cfg/graphics.cfg
File: graphics.cfg 2016/06/04 v1.11 sample graphics configuration
)
Package graphics Info: Driver file: pdftex.def on input line 107.

(/home/alex/.miktex/texmfs/install/tex/latex/graphics-def/pdftex.def
File: pdftex.def 2020/10/05 v1.2a Graphics/color driver for pdftex
))
\Gin@req@height=\dimen148
\Gin@req@width=\dimen149
)
(/home/alex/.miktex/texmfs/install/tex/latex/xcolor/xcolor.sty
Package: xcolor 2021/10/31 v2.13 LaTeX color extensions (UK)

(/home/alex/.miktex/texmfs/install/tex/latex/graphics-cfg/color.cfg
File: color.cfg 2016/01/02 v1.6 sample color configuration
)
Package xcolor Info: Driver file: pdftex.def on input line 227.

(/home/alex/.miktex/texmfs/install/tex/latex/colortbl/colortbl.sty
Package: colortbl 2020/01/04 v1.0e Color table columns (DPC)

(/home/alex/.miktex/texmfs/install/tex/latex/tools/array.sty
Package: array 2021/10/04 v2.5f Tabular extension package (FMi)
\col@sep=\dimen150
\ar@mcellbox=\box52
\extrarowheight=\dimen151
\NC@list=\toks19
\extratabsurround=\skip64
\backup@length=\skip65
\ar@cellbox=\box53
)
\everycr=\toks20
\minrowclearance=\skip66
)
\rownum=\count267
Package xcolor Info: Model `cmy' substituted by `cmy0' on input line 1352.
Package xcolor Info: Model `hsb' substituted by `rgb' on input line 1356.
Package xcolor Info: Model `RGB' extended on input line 1368.
Package xcolor Info: Model `HTML' substituted by `rgb' on input line 1370.
Package xcolor Info: Model `Hsb' substituted by `hsb' on input line 1371.
Package xcolor Info: Model `tHsb' substituted by `hsb' on input line 1372.
Package xcolor Info: Model `HSB' substituted by `hsb' on input line 1373.
Package xcolor Info: Model `Gray' substituted by `gray' on input line 1374.
Package xcolor Info: Model `wave' substituted by `hsb' on input line 1375.
)
(/home/alex/.miktex/texmfs/install/tex/latex/amsmath/amsmath.sty
Package: amsmath 2021/10/15 v2.17l AMS math features
\@mathmargin=\skip67

For additional information on amsmath, use the `?' option.
(/home/alex/.miktex/texmfs/install/tex/latex/amsmath/amstext.sty
Package: amstext 2021/08/26 v2.01 AMS text

(/home/alex/.miktex/texmfs/install/tex/latex/amsmath/amsgen.sty
File: amsgen.sty 1999/11/30 v2.0 generic functions
\@emptytoks=\toks21
\ex@=\dimen152
))
(/home/alex/.miktex/texmfs/install/tex/latex/amsmath/amsbsy.sty
Package: amsbsy 1999/11/29 v1.2d Bold Symbols
\pmbraise@=\dimen153
)
(/home/alex/.miktex/texmfs/install/tex/latex/amsmath/amsopn.sty
Package: amsopn 2021/08/26 v2.02 operator names
)
\inf@bad=\count268
LaTeX Info: Redefining \frac on input line 234.
\uproot@=\count269
\leftroot@=\count270
LaTeX Info: Redefining \overline on input line 399.
\classnum@=\count271
\DOTSCASE@=\count272
LaTeX Info: Redefining \ldots on input line 496.
LaTeX Info: Redefining \dots on input line 499.
LaTeX Info: Redefining \cdots on input line 620.
\Mathstrutbox@=\box54
\strutbox@=\box55
\big@size=\dimen154
LaTeX Font Info:    Redeclaring font encoding OML on input line 743.
LaTeX Font Info:    Redeclaring font encoding OMS on input line 744.
\macc@depth=\count273
\c@MaxMatrixCols=\count274
\dotsspace@=\muskip16
\c@parentequation=\count275
\dspbrk@lvl=\count276
\tag@help=\toks22
\row@=\count277
\column@=\count278
\maxfields@=\count279
\andhelp@=\toks23
\eqnshift@=\dimen155
\alignsep@=\dimen156
\tagshift@=\dimen157
\tagwidth@=\dimen158
\totwidth@=\dimen159
\lineht@=\dimen160
\@envbody=\toks24
\multlinegap=\skip68
\multlinetaggap=\skip69
\mathdisplay@stack=\toks25
LaTeX Info: Redefining \[ on input line 2938.
LaTeX Info: Redefining \] on input line 2939.
)
(/home/alex/.miktex/texmfs/install/tex/latex/amscls/amsthm.sty
Package: amsthm 2020/05/29 v2.20.6
\thm@style=\toks26
\thm@bodyfont=\toks27
\thm@headfont=\toks28
\thm@notefont=\toks29
\thm@headpunct=\toks30
\thm@preskip=\skip70
\thm@postskip=\skip71
\thm@headsep=\skip72
\dth@everypar=\toks31
)
(/home/alex/.miktex/texmfs/install/tex/latex/xpatch/xpatch.sty
(/home/alex/.miktex/texmfs/install/tex/latex/l3kernel/expl3.sty
Package: expl3 2022-05-04 L3 programming layer (loader) 

(/home/alex/.miktex/texmfs/install/tex/latex/l3backend/l3backend-pdftex.def
File: l3backend-pdftex.def 2022-04-20 L3 backend support: PDF output (pdfTeX)
\l__color_backend_stack_int=\count280
\l__pdf_internal_box=\box56
))
Package: xpatch 2020/03/25 v0.3a Extending etoolbox patching commands

(/home/alex/.miktex/texmfs/install/tex/latex/l3packages/xparse/xparse.sty
Package: xparse 2022-01-12 L3 Experimental document command parser
)
(/home/alex/.miktex/texmfs/install/tex/latex/etoolbox/etoolbox.sty
Package: etoolbox 2020/10/05 v2.5k e-TeX tools for LaTeX (JAW)
\etb@tempcnta=\count281
))
Class scrbook Info: amsthm's \deferred@thm@head patched.

(/home/alex/.miktex/texmfs/install/tex/latex/amsfonts/amssymb.sty
Package: amssymb 2013/01/14 v3.01 AMS font symbols

(/home/alex/.miktex/texmfs/install/tex/latex/amsfonts/amsfonts.sty
Package: amsfonts 2013/01/14 v3.01 Basic AMSFonts support
\symAMSa=\mathgroup4
\symAMSb=\mathgroup5
LaTeX Font Info:    Redeclaring math symbol \hbar on input line 98.
LaTeX Font Info:    Overwriting math alphabet `\mathfrak' in version `bold'
(Font)                  U/euf/m/n --> U/euf/b/n on input line 106.
))
(/home/alex/.miktex/texmfs/install/tex/latex/mathtools/mathtools.sty
Package: mathtools 2022/02/07 v1.28a mathematical typesetting tools

(/home/alex/.miktex/texmfs/install/tex/latex/tools/calc.sty
Package: calc 2017/05/25 v4.3 Infix arithmetic (KKT,FJ)
\calc@Acount=\count282
\calc@Bcount=\count283
\calc@Adimen=\dimen161
\calc@Bdimen=\dimen162
\calc@Askip=\skip73
\calc@Bskip=\skip74
LaTeX Info: Redefining \setlength on input line 80.
LaTeX Info: Redefining \addtolength on input line 81.
\calc@Ccount=\count284
\calc@Cskip=\skip75
)
(/home/alex/.miktex/texmfs/install/tex/latex/mathtools/mhsetup.sty
Package: mhsetup 2021/03/18 v1.4 programming setup (MH)
)
\g_MT_multlinerow_int=\count285
\l_MT_multwidth_dim=\dimen163
\origjot=\skip76
\l_MT_shortvdotswithinadjustabove_dim=\dimen164
\l_MT_shortvdotswithinadjustbelow_dim=\dimen165
\l_MT_above_intertext_sep=\dimen166
\l_MT_below_intertext_sep=\dimen167
\l_MT_above_shortintertext_sep=\dimen168
\l_MT_below_shortintertext_sep=\dimen169
\xmathstrut@box=\box57
\xmathstrut@dim=\dimen170
)
(/home/alex/.miktex/texmfs/install/tex/latex/bbm/bbm.sty
Package: bbm 1999/03/15 V 1.2 provides fonts for set symbols - TH
LaTeX Font Info:    Overwriting math alphabet `\mathbbm' in version `bold'
(Font)                  U/bbm/m/n --> U/bbm/bx/n on input line 33.
LaTeX Font Info:    Overwriting math alphabet `\mathbbmss' in version `bold'
(Font)                  U/bbmss/m/n --> U/bbmss/bx/n on input line 35.
)
(/home/alex/.miktex/texmfs/install/tex/latex/tools/bm.sty
Package: bm 2021/04/25 v1.2e Bold Symbol Support (DPC/FMi)
\symboldoperators=\mathgroup6
\symboldletters=\mathgroup7
\symboldsymbols=\mathgroup8
Package bm Info: No bold for \OMX/lmex/m/n, using \pmb.
Package bm Info: No bold for \U/msa/m/n, using \pmb.
Package bm Info: No bold for \U/msb/m/n, using \pmb.
LaTeX Font Info:    Redeclaring math alphabet \mathbf on input line 149.
)
(/home/alex/.miktex/texmfs/install/tex/latex/biblatex/biblatex.sty
Package: biblatex 2022/02/02 v3.17 programmable bibliographies (PK/MW)

(/home/alex/.miktex/texmfs/install/tex/generic/pdftexcmds/pdftexcmds.sty
Package: pdftexcmds 2020-06-27 v0.33 Utility functions of pdfTeX for LuaTeX (HO
)

(/home/alex/.miktex/texmfs/install/tex/generic/infwarerr/infwarerr.sty
Package: infwarerr 2019/12/03 v1.5 Providing info/warning/error messages (HO)
)
(/home/alex/.miktex/texmfs/install/tex/generic/iftex/iftex.sty
Package: iftex 2022/02/03 v1.0f TeX engine tests
)
(/home/alex/.miktex/texmfs/install/tex/generic/ltxcmds/ltxcmds.sty
Package: ltxcmds 2020-05-10 v1.25 LaTeX kernel commands for general use (HO)
)
Package pdftexcmds Info: \pdf@primitive is available.
Package pdftexcmds Info: \pdf@ifprimitive is available.
Package pdftexcmds Info: \pdfdraftmode found.
)
(/home/alex/.miktex/texmfs/install/tex/latex/kvoptions/kvoptions.sty
Package: kvoptions 2020-10-07 v3.14 Key value format for package options (HO)

(/home/alex/.miktex/texmfs/install/tex/generic/kvsetkeys/kvsetkeys.sty
Package: kvsetkeys 2019/12/15 v1.18 Key value parser (HO)
))
(/home/alex/.miktex/texmfs/install/tex/latex/logreq/logreq.sty
Package: logreq 2010/08/04 v1.0 xml request logger
\lrq@indent=\count286

(/home/alex/.miktex/texmfs/install/tex/latex/logreq/logreq.def
File: logreq.def 2010/08/04 v1.0 logreq spec v1.0
))
(/home/alex/.miktex/texmfs/install/tex/latex/base/ifthen.sty
Package: ifthen 2020/11/24 v1.1c Standard LaTeX ifthen package (DPC)
)
(/home/alex/.miktex/texmfs/install/tex/latex/url/url.sty
\Urlmuskip=\muskip17
Package: url 2013/09/16  ver 3.4  Verb mode for urls, etc.
)
\c@tabx@nest=\count287
\c@listtotal=\count288
\c@listcount=\count289
\c@liststart=\count290
\c@liststop=\count291
\c@citecount=\count292
\c@citetotal=\count293
\c@multicitecount=\count294
\c@multicitetotal=\count295
\c@instcount=\count296
\c@maxnames=\count297
\c@minnames=\count298
\c@maxitems=\count299
\c@minitems=\count300
\c@citecounter=\count301
\c@maxcitecounter=\count302
\c@savedcitecounter=\count303
\c@uniquelist=\count304
\c@uniquename=\count305
\c@refsection=\count306
\c@refsegment=\count307
\c@maxextratitle=\count308
\c@maxextratitleyear=\count309
\c@maxextraname=\count310
\c@maxextradate=\count311
\c@maxextraalpha=\count312
\c@abbrvpenalty=\count313
\c@highnamepenalty=\count314
\c@lownamepenalty=\count315
\c@maxparens=\count316
\c@parenlevel=\count317
\blx@tempcnta=\count318
\blx@tempcntb=\count319
\blx@tempcntc=\count320
\c@blx@maxsection=\count321
\c@blx@maxsegment@0=\count322
\blx@notetype=\count323
\blx@parenlevel@text=\count324
\blx@parenlevel@foot=\count325
\c@blx@sectionciteorder@0=\count326
\blx@entrysetcounter=\count327
\blx@biblioinstance=\count328
\labelnumberwidth=\skip77
\labelalphawidth=\skip78
\biblabelsep=\skip79
\bibitemsep=\skip80
\bibnamesep=\skip81
\bibinitsep=\skip82
\bibparsep=\skip83
\bibhang=\skip84
\blx@bcfin=\read3
\blx@bcfout=\write3
\blx@langwohyphens=\language80
\c@mincomprange=\count329
\c@maxcomprange=\count330
\c@mincompwidth=\count331
Package biblatex Info: Trying to load biblatex default data model...
Package biblatex Info: ... file 'blx-dm.def' found.

(/home/alex/.miktex/texmfs/install/tex/latex/biblatex/blx-dm.def
File: blx-dm.def 2022/02/02 v3.17 biblatex localization (PK/MW)
)
Package biblatex Info: Trying to load biblatex citestyle data model...
Package biblatex Info: ... file 'alphabetic.dbx' not found.
Package biblatex Info: Trying to load biblatex bibstyle data model...
Package biblatex Info: ... file 'authortitle.dbx' not found.
Package biblatex Info: Trying to load biblatex custom data model...
Package biblatex Info: ... file 'biblatex-dm.cfg' not found.
\c@afterword=\count332
\c@savedafterword=\count333
\c@annotator=\count334
\c@savedannotator=\count335
\c@author=\count336
\c@savedauthor=\count337
\c@bookauthor=\count338
\c@savedbookauthor=\count339
\c@commentator=\count340
\c@savedcommentator=\count341
\c@editor=\count342
\c@savededitor=\count343
\c@editora=\count344
\c@savededitora=\count345
\c@editorb=\count346
\c@savededitorb=\count347
\c@editorc=\count348
\c@savededitorc=\count349
\c@foreword=\count350
\c@savedforeword=\count351
\c@holder=\count352
\c@savedholder=\count353
\c@introduction=\count354
\c@savedintroduction=\count355
\c@namea=\count356
\c@savednamea=\count357
\c@nameb=\count358
\c@savednameb=\count359
\c@namec=\count360
\c@savednamec=\count361
\c@translator=\count362
\c@savedtranslator=\count363
\c@shortauthor=\count364
\c@savedshortauthor=\count365
\c@shorteditor=\count366
\c@savedshorteditor=\count367
\c@labelname=\count368
\c@savedlabelname=\count369
\c@institution=\count370
\c@savedinstitution=\count371
\c@lista=\count372
\c@savedlista=\count373
\c@listb=\count374
\c@savedlistb=\count375
\c@listc=\count376
\c@savedlistc=\count377
\c@listd=\count378
\c@savedlistd=\count379
\c@liste=\count380
\c@savedliste=\count381
\c@listf=\count382
\c@savedlistf=\count383
\c@location=\count384
\c@savedlocation=\count385
\c@organization=\count386
\c@savedorganization=\count387
\c@origlocation=\count388
\c@savedoriglocation=\count389
\c@origpublisher=\count390
\c@savedorigpublisher=\count391
\c@publisher=\count392
\c@savedpublisher=\count393
\c@language=\count394
\c@savedlanguage=\count395
\c@origlanguage=\count396
\c@savedoriglanguage=\count397
\c@pageref=\count398
\c@savedpageref=\count399
\shorthandwidth=\skip85
\shortjournalwidth=\skip86
\shortserieswidth=\skip87
\shorttitlewidth=\skip88
\shortauthorwidth=\skip89
\shorteditorwidth=\skip90
\locallabelnumberwidth=\skip91
\locallabelalphawidth=\skip92
\localshorthandwidth=\skip93
\localshortjournalwidth=\skip94
\localshortserieswidth=\skip95
\localshorttitlewidth=\skip96
\localshortauthorwidth=\skip97
\localshorteditorwidth=\skip98
Package biblatex Info: Trying to load compatibility code...
Package biblatex Info: ... file 'blx-compat.def' found.

(/home/alex/.miktex/texmfs/install/tex/latex/biblatex/blx-compat.def
File: blx-compat.def 2022/02/02 v3.17 biblatex compatibility (PK/MW)
)
Package biblatex Info: Trying to load generic definitions...
Package biblatex Info: ... file 'biblatex.def' found.

(/home/alex/.miktex/texmfs/install/tex/latex/biblatex/biblatex.def
File: biblatex.def 2022/02/02 v3.17 biblatex compatibility (PK/MW)
\c@textcitecount=\count400
\c@textcitetotal=\count401
\c@textcitemaxnames=\count402
\c@biburlbigbreakpenalty=\count403
\c@biburlbreakpenalty=\count404
\c@biburlnumpenalty=\count405
\c@biburlucpenalty=\count406
\c@biburllcpenalty=\count407
\biburlbigskip=\muskip18
\biburlnumskip=\muskip19
\biburlucskip=\muskip20
\biburllcskip=\muskip21
\c@smartand=\count408
)
Package biblatex Info: Trying to load bibliography style 'authortitle'...
Package biblatex Info: ... file 'authortitle.bbx' found.

(/home/alex/.miktex/texmfs/install/tex/latex/biblatex/bbx/authortitle.bbx
File: authortitle.bbx 2022/02/02 v3.17 biblatex bibliography style (PK/MW)
Package biblatex Info: Trying to load bibliography style 'standard'...
Package biblatex Info: ... file 'standard.bbx' found.

(/home/alex/.miktex/texmfs/install/tex/latex/biblatex/bbx/standard.bbx
File: standard.bbx 2022/02/02 v3.17 biblatex bibliography style (PK/MW)
\c@bbx:relatedcount=\count409
\c@bbx:relatedtotal=\count410
))
Package biblatex Info: Trying to load citation style 'alphabetic'...
Package biblatex Info: ... file 'alphabetic.cbx' found.

(/home/alex/.miktex/texmfs/install/tex/latex/biblatex/cbx/alphabetic.cbx
File: alphabetic.cbx 2022/02/02 v3.17 biblatex citation style (PK/MW)
Package biblatex Info: Redefining '\cite'.
Package biblatex Info: Redefining '\parencite'.
Package biblatex Info: Redefining '\footcite'.
Package biblatex Info: Redefining '\footcitetext'.
Package biblatex Info: Redefining '\smartcite'.
Package biblatex Info: Redefining '\textcite'.
Package biblatex Info: Redefining '\textcites'.
Package biblatex Info: Redefining '\cites'.
Package biblatex Info: Redefining '\parencites'.
Package biblatex Info: Redefining '\smartcites'.
)
Package biblatex Info: Trying to load configuration file...
Package biblatex Info: ... file 'biblatex.cfg' found.

(/home/alex/.miktex/texmfs/install/tex/latex/biblatex/biblatex.cfg
File: biblatex.cfg 
)
Package biblatex Info: Input encoding 'utf8' detected.
Package biblatex Info: Document encoding is UTF8 ....
Package biblatex Info: ... and expl3
(biblatex)             2022-05-04 L3 programming layer (loader) 
(biblatex)             is new enough (at least 2020/04/06),
(biblatex)             setting 'casechanger=expl3'.

(/home/alex/.miktex/texmfs/install/tex/latex/biblatex/blx-case-expl3.sty
Package: blx-case-expl3 2022/02/02 v3.17 expl3 case changing code for biblatex
))
(/home/alex/.miktex/texmfs/install/tex/latex/csquotes/csquotes.sty
Package: csquotes 2021-02-22 v5.2l context-sensitive quotations (JAW)
\csq@reset=\count411
\csq@gtype=\count412
\csq@glevel=\count413
\csq@qlevel=\count414
\csq@maxlvl=\count415
\csq@tshold=\count416
\csq@ltx@everypar=\toks32

(/home/alex/.miktex/texmfs/install/tex/latex/csquotes/csquotes.def
File: csquotes.def 2021-02-22 v5.2l csquotes generic definitions (JAW)
)
Package csquotes Info: Trying to load configuration file 'csquotes.cfg'...
Package csquotes Info: ... configuration file loaded successfully.

(/home/alex/.miktex/texmfs/install/tex/latex/csquotes/csquotes.cfg
File: csquotes.cfg 
))
(/home/alex/.miktex/texmfs/install/tex/latex/hyperref/hyperref.sty
Package: hyperref 2022-05-17 v7.00q Hypertext links for LaTeX

(/home/alex/.miktex/texmfs/install/tex/generic/kvdefinekeys/kvdefinekeys.sty
Package: kvdefinekeys 2019-12-19 v1.6 Define keys (HO)
)
(/home/alex/.miktex/texmfs/install/tex/generic/pdfescape/pdfescape.sty
Package: pdfescape 2019/12/09 v1.15 Implements pdfTeX's escape features (HO)
)
(/home/alex/.miktex/texmfs/install/tex/latex/hycolor/hycolor.sty
Package: hycolor 2020-01-27 v1.10 Color options for hyperref/bookmark (HO)
)
(/home/alex/.miktex/texmfs/install/tex/latex/letltxmacro/letltxmacro.sty
Package: letltxmacro 2019/12/03 v1.6 Let assignment for LaTeX macros (HO)
)
(/home/alex/.miktex/texmfs/install/tex/latex/auxhook/auxhook.sty
Package: auxhook 2019-12-17 v1.6 Hooks for auxiliary files (HO)
)
(/home/alex/.miktex/texmfs/install/tex/latex/hyperref/nameref.sty
Package: nameref 2022-05-17 v2.50 Cross-referencing by name of section

(/home/alex/.miktex/texmfs/install/tex/latex/refcount/refcount.sty
Package: refcount 2019/12/15 v3.6 Data extraction from label references (HO)
)
(/home/alex/.miktex/texmfs/install/tex/generic/gettitlestring/gettitlestring.st
y
Package: gettitlestring 2019/12/15 v1.6 Cleanup title references (HO)
)
\c@section@level=\count417
)
\@linkdim=\dimen171
\Hy@linkcounter=\count418
\Hy@pagecounter=\count419
 (/home/alex/.miktex/texmfs/install/tex/latex/hyperref/pd1enc.def
File: pd1enc.def 2022-05-17 v7.00q Hyperref: PDFDocEncoding definition (HO)
Now handling font encoding PD1 ...
... no UTF-8 mapping file for font encoding PD1
)
(/home/alex/.miktex/texmfs/install/tex/generic/intcalc/intcalc.sty
Package: intcalc 2019/12/15 v1.3 Expandable calculations with integers (HO)
)
(/home/alex/.miktex/texmfs/install/tex/generic/etexcmds/etexcmds.sty
Package: etexcmds 2019/12/15 v1.7 Avoid name clashes with e-TeX commands (HO)
)
\Hy@SavedSpaceFactor=\count420

(/home/alex/.miktex/texmfs/install/tex/latex/hyperref/puenc.def
File: puenc.def 2022-05-17 v7.00q Hyperref: PDF Unicode definition (HO)
Now handling font encoding PU ...
... no UTF-8 mapping file for font encoding PU
)
Package hyperref Info: Hyper figures OFF on input line 4139.
Package hyperref Info: Link nesting OFF on input line 4144.
Package hyperref Info: Hyper index ON on input line 4147.
Package hyperref Info: Plain pages OFF on input line 4154.
Package hyperref Info: Backreferencing OFF on input line 4159.
Package hyperref Info: Implicit mode ON; LaTeX internals redefined.
Package hyperref Info: Bookmarks ON on input line 4385.
\c@Hy@tempcnt=\count421
LaTeX Info: Redefining \url on input line 4723.
\XeTeXLinkMargin=\dimen172

(/home/alex/.miktex/texmfs/install/tex/generic/bitset/bitset.sty
Package: bitset 2019/12/09 v1.3 Handle bit-vector datatype (HO)

(/home/alex/.miktex/texmfs/install/tex/generic/bigintcalc/bigintcalc.sty
Package: bigintcalc 2019/12/15 v1.5 Expandable calculations on big integers (HO
)
))
\Fld@menulength=\count422
\Field@Width=\dimen173
\Fld@charsize=\dimen174
Package hyperref Info: Hyper figures OFF on input line 6001.
Package hyperref Info: Link nesting OFF on input line 6006.
Package hyperref Info: Hyper index ON on input line 6009.
Package hyperref Info: backreferencing OFF on input line 6016.
Package hyperref Info: Link coloring OFF on input line 6021.
Package hyperref Info: Link coloring with OCG OFF on input line 6026.
Package hyperref Info: PDF/A mode OFF on input line 6031.
LaTeX Info: Redefining \ref on input line 6078.
LaTeX Info: Redefining \pageref on input line 6078.

(/home/alex/.miktex/texmfs/install/tex/latex/base/atbegshi-ltx.sty
Package: atbegshi-ltx 2021/01/10 v1.0c Emulation of the original atbegshi
package with kernel methods
)
\Hy@abspage=\count423
\c@Item=\count424
\c@Hfootnote=\count425
)
Package hyperref Info: Driver (autodetected): hpdftex.

(/home/alex/.miktex/texmfs/install/tex/latex/hyperref/hpdftex.def
File: hpdftex.def 2022-05-17 v7.00q Hyperref driver for pdfTeX

(/home/alex/.miktex/texmfs/install/tex/latex/base/atveryend-ltx.sty
Package: atveryend-ltx 2020/08/19 v1.0a Emulation of the original atveryend pac
kage
with kernel methods
)
\Fld@listcount=\count426
\c@bookmark@seq@number=\count427

(/home/alex/.miktex/texmfs/install/tex/latex/rerunfilecheck/rerunfilecheck.sty
Package: rerunfilecheck 2019/12/05 v1.9 Rerun checks for auxiliary files (HO)

(/home/alex/.miktex/texmfs/install/tex/generic/uniquecounter/uniquecounter.sty
Package: uniquecounter 2019/12/15 v1.4 Provide unlimited unique counter (HO)
)
Package uniquecounter Info: New unique counter `rerunfilecheck' on input line 2
86.
)
\Hy@SectionHShift=\skip99
)
\@indexfile=\write4
\openout4 = `Masterarbeit.idx'.


Writing index file Masterarbeit.idx
Package csquotes Info: Checking for multilingual support...
Package csquotes Info: ... found 'babel' package.
Package csquotes Info: Adjusting default style.
Package csquotes Info: Redefining alias 'default' -> 'british'.
LaTeX Font Info:    Trying to load font information for T1+lmr on input line 65
.
(/home/alex/.miktex/texmfs/install/tex/latex/lm/t1lmr.fd
File: t1lmr.fd 2015/05/01 v1.6.1 Font defs for Latin Modern
) (Masterarbeit.aux)
\openout1 = `Masterarbeit.aux'.

LaTeX Font Info:    Checking defaults for OML/cmm/m/it on input line 65.
LaTeX Font Info:    ... okay on input line 65.
LaTeX Font Info:    Checking defaults for OMS/cmsy/m/n on input line 65.
LaTeX Font Info:    ... okay on input line 65.
LaTeX Font Info:    Checking defaults for OT1/cmr/m/n on input line 65.
LaTeX Font Info:    ... okay on input line 65.
LaTeX Font Info:    Checking defaults for T1/cmr/m/n on input line 65.
LaTeX Font Info:    ... okay on input line 65.
LaTeX Font Info:    Checking defaults for TS1/cmr/m/n on input line 65.
LaTeX Font Info:    ... okay on input line 65.
LaTeX Font Info:    Checking defaults for OMX/cmex/m/n on input line 65.
LaTeX Font Info:    ... okay on input line 65.
LaTeX Font Info:    Checking defaults for U/cmr/m/n on input line 65.
LaTeX Font Info:    ... okay on input line 65.
LaTeX Font Info:    Checking defaults for PD1/pdf/m/n on input line 65.
LaTeX Font Info:    ... okay on input line 65.
LaTeX Font Info:    Checking defaults for PU/pdf/m/n on input line 65.
LaTeX Font Info:    ... okay on input line 65.
Package scrbase Info: activating british \partname on input line 65.
Package scrbase Info: activating british \chaptername on input line 65.
Package scrbase Info: activating british \appendixname on input line 65.
Package scrbase Info: activating british \figurename on input line 65.
Package scrbase Info: activating british \tablename on input line 65.
Package scrbase Info: activating british \contentsname on input line 65.
Package scrbase Info: activating british \listfigurename on input line 65.
Package scrbase Info: activating british \listtablename on input line 65.
Package scrbase Info: activating british \bibname on input line 65.
Package scrbase Info: activating british \indexname on input line 65.
Package caption Info: Begin \AtBeginDocument code.
Package caption Info: hyperref package is loaded.
Package caption Info: End \AtBeginDocument code.

(/home/alex/.miktex/texmfs/install/tex/context/base/mkii/supp-pdf.mkii
[Loading MPS to PDF converter (version 2006.09.02).]
\scratchcounter=\count428
\scratchdimen=\dimen175
\scratchbox=\box58
\nofMPsegments=\count429
\nofMParguments=\count430
\everyMPshowfont=\toks33
\MPscratchCnt=\count431
\MPscratchDim=\dimen176
\MPnumerator=\count432
\makeMPintoPDFobject=\count433
\everyMPtoPDFconversion=\toks34
) (/home/alex/.miktex/texmfs/install/tex/latex/epstopdf-pkg/epstopdf-base.sty
Package: epstopdf-base 2020-01-24 v2.11 Base part for package epstopdf
Package epstopdf-base Info: Redefining graphics rule for `.eps' on input line 4
85.

(/home/alex/.miktex/texmfs/install/tex/latex/00miktex/epstopdf-sys.cfg
File: epstopdf-sys.cfg 2021/03/18 v2.0 Configuration of epstopdf for MiKTeX
))
Package biblatex Info: Trying to load language 'british'...
Package biblatex Info: ... file 'british.lbx' found.

(/home/alex/.miktex/texmfs/install/tex/latex/biblatex/lbx/british.lbx
File: british.lbx 2022/02/02 v3.17 biblatex localization (PK/MW)
Package biblatex Info: Trying to load language 'english'...
Package biblatex Info: ... file 'english.lbx' found.

(/home/alex/.miktex/texmfs/install/tex/latex/biblatex/lbx/english.lbx
File: english.lbx 2022/02/02 v3.17 biblatex localization (PK/MW)
))
Package biblatex Info: Input encoding 'utf8' detected.
Package biblatex Info: Automatic encoding selection.
(biblatex)             Assuming data encoding 'utf8'.
\openout3 = `Masterarbeit.bcf'.

Package biblatex Info: Trying to load bibliographic data...
Package biblatex Info: ... file 'Masterarbeit.bbl' found.

(Masterarbeit.bbl)
Package biblatex Info: Reference section=0 on input line 65.
Package biblatex Info: Reference segment=0 on input line 65.
Package hyperref Info: Link coloring OFF on input line 65.
 (Masterarbeit.out) (Masterarbeit.out)
\@outlinefile=\write5
\openout5 = `Masterarbeit.out'.

Class scrbook Info: loading recommended package `bookmark'.
(scrbook)           Using `bookmark' together with `hyperref' is recommended,
(scrbook)           because of handling of possible bookmark level gaps.
(scrbook)           You can avoid loading `bookmark' with KOMA-Script option
(scrbook)           `bookmarkpackage=false' before \begin{document} and
(scrbook)           you can avoid this message adding:
(scrbook)             \usepackage{bookmark}
(scrbook)           before \begin{document} on input line 65.

(/home/alex/.miktex/texmfs/install/tex/latex/bookmark/bookmark.sty
Package: bookmark 2020-11-06 v1.29 PDF bookmarks (HO)

(/home/alex/.miktex/texmfs/install/tex/latex/bookmark/bkm-pdftex.def
File: bkm-pdftex.def 2020-11-06 v1.29 bookmark driver for pdfTeX (HO)
\BKM@id=\count434
))
(Deckblatt.tex
Package epstopdf Info: Source file: <TULogo.eps>
(epstopdf)                    date: 2023-04-22 20:17:04
(epstopdf)                    size: 241936 bytes
(epstopdf)             Output file: <TULogo-eps-converted-to.pdf>
(epstopdf)                    date: 2023-04-22 20:17:04
(epstopdf)                    size: 17160 bytes
(epstopdf)             Command: <miktex-epstopdf --outfile=TULogo-eps-converted
-to.pdf TULogo.eps>
(epstopdf)             \includegraphics on input line 4.
Package epstopdf Info: Output file is already uptodate.
<TULogo-eps-converted-to.pdf, id=3, 601.24625pt x 227.85126pt>
File: TULogo-eps-converted-to.pdf Graphic file (type pdf)
<use TULogo-eps-converted-to.pdf>
Package pdftex.def Info: TULogo-eps-converted-to.pdf  used on input line 4.
(pdftex.def)             Requested size: 201.65755pt x 76.4219pt.
LaTeX Font Info:    Trying to load font information for OT1+lmr on input line 3
8.
 (/home/alex/.miktex/texmfs/install/tex/latex/lm/ot1lmr.fd
File: ot1lmr.fd 2015/05/01 v1.6.1 Font defs for Latin Modern
)
LaTeX Font Info:    Trying to load font information for OML+lmm on input line 3
8.

(/home/alex/.miktex/texmfs/install/tex/latex/lm/omllmm.fd
File: omllmm.fd 2015/05/01 v1.6.1 Font defs for Latin Modern
)
LaTeX Font Info:    Trying to load font information for OMS+lmsy on input line 
38.

(/home/alex/.miktex/texmfs/install/tex/latex/lm/omslmsy.fd
File: omslmsy.fd 2015/05/01 v1.6.1 Font defs for Latin Modern
)
LaTeX Font Info:    Trying to load font information for OMX+lmex on input line 
38.

(/home/alex/.miktex/texmfs/install/tex/latex/lm/omxlmex.fd
File: omxlmex.fd 2015/05/01 v1.6.1 Font defs for Latin Modern
)
LaTeX Font Info:    External font `lmex10' loaded for size
(Font)              <10.95> on input line 38.
LaTeX Font Info:    External font `lmex10' loaded for size
(Font)              <8> on input line 38.
LaTeX Font Info:    External font `lmex10' loaded for size
(Font)              <6> on input line 38.
LaTeX Font Info:    Trying to load font information for U+msa on input line 38.


(/home/alex/.miktex/texmfs/install/tex/latex/amsfonts/umsa.fd
File: umsa.fd 2013/01/14 v3.01 AMS symbols A
)
LaTeX Font Info:    Trying to load font information for U+msb on input line 38.


(/home/alex/.miktex/texmfs/install/tex/latex/amsfonts/umsb.fd
File: umsb.fd 2013/01/14 v3.01 AMS symbols B
)
Overfull \hbox (19.6189pt too wide) in paragraph at lines 38--42
[][] 
 []

[1



{/home/alex/.miktex/texmfs/data/fonts/map/pdftex/pdftex.map} <./TULogo-eps-conv
erted-to.pdf>] [2


])
LaTeX Font Info:    Trying to load font information for T1+lmss on input line 7
2.
 (/home/alex/.miktex/texmfs/install/tex/latex/lm/t1lmss.fd
File: t1lmss.fd 2015/05/01 v1.6.1 Font defs for Latin Modern
) (Masterarbeit.toc
LaTeX Font Info:    External font `lmex10' loaded for size
(Font)              <12> on input line 3.
)
\tf@toc=\write6
\openout6 = `Masterarbeit.toc'.

 [3


] [4


]
chapter 1.
(Einleitung.tex [5


]) [6]
chapter 2.
(Methode_Ingarch.tex [7


] [8]) (Methode_Coda.tex [9]
LaTeX Font Info:    Trying to load font information for U+bbm on input line 17.


(/home/alex/.miktex/texmfs/install/tex/latex/bbm/ubbm.fd
File: ubbm.fd 1999/03/15 V 1.2 Font definition for bbm font - TH
) [10] [11] [12]
Overfull \hbox (24.49345pt too wide) in paragraph at lines 153--154
\T1/lmr/m/n/12 series (CTS). A CTS $[]$ can be defined as a series where $\OML/
lmm/b/it/12 x[] \OT1/lmr/m/n/12 = [][] \OMS/lmsy/m/n/12 2
 []

[13]
LaTeX Font Info:    External font `lmex10' loaded for size
(Font)              <14.4> on input line 189.
LaTeX Font Info:    External font `lmex10' loaded for size
(Font)              <10> on input line 189.
LaTeX Font Info:    External font `lmex10' loaded for size
(Font)              <7> on input line 189.


Package hyperref Warning: Token not allowed in a PDF string (Unicode):
(hyperref)                removing `math shift' on input line 189.


Package hyperref Warning: Token not allowed in a PDF string (Unicode):
(hyperref)                removing `math shift' on input line 189.

) (Other_methods.tex) [14]
chapter 3.
(Model_Specification.tex [15


] [16]) (Examples_Applications.tex [17]
<Graphiken//Raw_Timeseries_ID4.png, id=247, 1445.4pt x 1084.05pt>
File: Graphiken//Raw_Timeseries_ID4.png Graphic file (type png)
<use Graphiken//Raw_Timeseries_ID4.png>
Package pdftex.def Info: Graphiken//Raw_Timeseries_ID4.png  used on input line 
11.
(pdftex.def)             Requested size: 201.65755pt x 151.23665pt.
<Graphiken//Raw_Timeseries_ID24.png, id=248, 1445.4pt x 1084.05pt>
File: Graphiken//Raw_Timeseries_ID24.png Graphic file (type png)
<use Graphiken//Raw_Timeseries_ID24.png>
Package pdftex.def Info: Graphiken//Raw_Timeseries_ID24.png  used on input line
 17.
(pdftex.def)             Requested size: 201.65755pt x 151.23665pt.
<Graphiken//Coda_Timeseries_ID4.png, id=255, 1445.4pt x 1084.05pt>
File: Graphiken//Coda_Timeseries_ID4.png Graphic file (type png)
<use Graphiken//Coda_Timeseries_ID4.png>
Package pdftex.def Info: Graphiken//Coda_Timeseries_ID4.png  used on input line
 33.
(pdftex.def)             Requested size: 201.65755pt x 151.23665pt.


LaTeX Warning: File `Coda_timeseries_ID24.png' not found on input line 39.


! Package pdftex.def Error: File `Coda_timeseries_ID24.png' not found: using dr
aft setting.

See the pdftex.def package documentation for explanation.
Type  H <return>  for immediate help.
 ...                                              
                                                  
l.39 ...idth=\textwidth]{Coda_timeseries_ID24.png}
                                                  
Try typing  <return>  to proceed.
If that doesn't work, type  X <return>  to quit.

LaTeX Font Info:    Trying to load font information for T1+lmtt on input line 3
9.
(/home/alex/.miktex/texmfs/install/tex/latex/lm/t1lmtt.fd
File: t1lmtt.fd 2015/05/01 v1.6.1 Font defs for Latin Modern
)

LaTeX Warning: File `Ingarch_timeseries_ID4.png' not found on input line 54.


! Package pdftex.def Error: File `Ingarch_timeseries_ID4.png' not found: using 
draft setting.

See the pdftex.def package documentation for explanation.
Type  H <return>  for immediate help.
 ...                                              
                                                  
l.54 ...th=\textwidth]{Ingarch_timeseries_ID4.png}
                                                  
Try typing  <return>  to proceed.
If that doesn't work, type  X <return>  to quit.

<Graphiken//Ingarch_Timeseries_ID24.png, id=259, 1445.4pt x 1084.05pt>
File: Graphiken//Ingarch_Timeseries_ID24.png Graphic file (type png)
<use Graphiken//Ingarch_Timeseries_ID24.png>
Package pdftex.def Info: Graphiken//Ingarch_Timeseries_ID24.png  used on input 
line 60.
(pdftex.def)             Requested size: 201.65755pt x 151.23665pt.

LaTeX Warning: File `Both_timeseries_ID4.png' not found on input line 74.


! Package pdftex.def Error: File `Both_timeseries_ID4.png' not found: using dra
ft setting.

See the pdftex.def package documentation for explanation.
Type  H <return>  for immediate help.
 ...                                              
                                                  
l.74 ...width=\textwidth]{Both_timeseries_ID4.png}
                                                  
Try typing  <return>  to proceed.
If that doesn't work, type  X <return>  to quit.


LaTeX Warning: File `Both_timeseries_ID24.png' not found on input line 80.


! Package pdftex.def Error: File `Both_timeseries_ID24.png' not found: using dr
aft setting.

See the pdftex.def package documentation for explanation.
Type  H <return>  for immediate help.
 ...                                              
                                                  
l.80 ...idth=\textwidth]{Both_timeseries_ID24.png}
                                                  
Try typing  <return>  to proceed.
If that doesn't work, type  X <return>  to quit.


LaTeX Warning: Float too large for page by 146.41032pt on input line 86.


LaTeX Warning: File `BothPI_timeseries_ID4.png' not found on input line 93.


! Package pdftex.def Error: File `BothPI_timeseries_ID4.png' not found: using d
raft setting.

See the pdftex.def package documentation for explanation.
Type  H <return>  for immediate help.
 ...                                              
                                                  
l.93 ...dth=\textwidth]{BothPI_timeseries_ID4.png}
                                                  
Try typing  <return>  to proceed.
If that doesn't work, type  X <return>  to quit.


LaTeX Warning: File `BothPI_timeseries_ID24.png' not found on input line 99.


! Package pdftex.def Error: File `BothPI_timeseries_ID24.png' not found: using 
draft setting.

See the pdftex.def package documentation for explanation.
Type  H <return>  for immediate help.
 ...                                              
                                                  
l.99 ...th=\textwidth]{BothPI_timeseries_ID24.png}
                                                  
Try typing  <return>  to proceed.
If that doesn't work, type  X <return>  to quit.


LaTeX Warning: Float too large for page by 146.41032pt on input line 105.

) (Results.tex [18 <./Graphiken//Raw_Timeseries_ID4.png> <./Graphiken//Raw_Time
series_ID24.png>]
<Graphiken//ErrorMeasureCombined_Box_all__Variation_history.png, id=275, 1445.4
pt x 1084.05pt>
File: Graphiken//ErrorMeasureCombined_Box_all__Variation_history.png Graphic fi
le (type png)
<use Graphiken//ErrorMeasureCombined_Box_all__Variation_history.png>
Package pdftex.def Info: Graphiken//ErrorMeasureCombined_Box_all__Variation_his
tory.png  used on input line 14.
(pdftex.def)             Requested size: 358.50612pt x 268.878pt.
<Graphiken//ErrorMeasureCombined_Histogram_all__Variation_history.png, id=276, 
1445.4pt x 1084.05pt>
File: Graphiken//ErrorMeasureCombined_Histogram_all__Variation_history.png Grap
hic file (type png)
<use Graphiken//ErrorMeasureCombined_Histogram_all__Variation_history.png>
Package pdftex.def Info: Graphiken//ErrorMeasureCombined_Histogram_all__Variati
on_history.png  used on input line 20.
(pdftex.def)             Requested size: 358.50612pt x 268.878pt.
<Graphiken//ErrorMeasureCombined_Quant_all__Variation_history.png, id=277, 1445
.4pt x 1084.05pt>
File: Graphiken//ErrorMeasureCombined_Quant_all__Variation_history.png Graphic 
file (type png)
<use Graphiken//ErrorMeasureCombined_Quant_all__Variation_history.png>
Package pdftex.def Info: Graphiken//ErrorMeasureCombined_Quant_all__Variation_h
istory.png  used on input line 30.
(pdftex.def)             Requested size: 358.50612pt x 268.878pt.
) [19 <./Graphiken//Coda_Timeseries_ID4.png>] [20 <./Graphiken//Ingarch_Timeser
ies_ID24.png>] [21] [22] [23 <./Graphiken//ErrorMeasureCombined_Box_all__Variat
ion_history.png> <./Graphiken//ErrorMeasureCombined_Histogram_all__Variation_hi
story.png (PNG copy)>] [24 <./Graphiken//ErrorMeasureCombined_Quant_all__Variat
ion_history.png (PNG copy)>]
chapter 4.
(Conclusion.tex) [25


] [26


]
Overfull \hbox (7.2189pt too wide) in paragraph at lines 111--111
\T1/lmr/m/sc/12 url\T1/lmr/m/n/12 : []$\T1/lmtt/m/n/12 https : / / www . scienc
edirect . com / science / article / pii / S0167715212000259$[]\T1/lmr/m/n/12 . 

 []

[27]
Overfull \hbox (0.56573pt too wide) in paragraph at lines 111--111
[][]\T1/lmr/m/n/12 L^^fctkepohl, H. \T1/lmr/m/it/12 New In-tro-duc-tion to Mul-
tiple Time Series Ana-lysis\T1/lmr/m/n/12 . Springer Ber-lin Heidel-
 []

[28] (Masterarbeit.lof)
\tf@lof=\write7
\openout7 = `Masterarbeit.lof'.

 [29



] [30



] (Masterarbeit.lot)
\tf@lot=\write8
\openout8 = `Masterarbeit.lot'.

 [31] (Masterarbeit.aux)
Package rerunfilecheck Info: File `Masterarbeit.out' has not changed.
(rerunfilecheck)             Checksum: D41D8CD98F00B204E9800998ECF8427E;0.
Package logreq Info: Writing requests to 'Masterarbeit.run.xml'.
\openout1 = `Masterarbeit.run.xml'.

 ) 
Here is how much of TeX's memory you used:
 25752 strings out of 478615
 479963 string characters out of 2848350
 1335583 words of memory out of 3000000
 43381 multiletter control sequences out of 15000+600000
 584872 words of font info for 114 fonts, out of 8000000 for 9000
 1141 hyphenation exceptions out of 8191
 108i,15n,106p,10609b,2361s stack positions out of 10000i,1000n,20000p,200000b,80000s
{/home/alex/.miktex/texmfs/install/fonts/enc/dvips/lm/lm-ec.enc}{/home/alex/.
miktex/texmfs/install/fonts/enc/dvips/lm/lm-rm.enc} </home/alex/.miktex/texmfs/
data/fonts/pk/ljfour/public/bbm/dpi600/bbm12.pk>{/home/alex/.miktex/texmfs/inst
all/fonts/enc/dvips/lm/lm-mathsy.enc}{/home/alex/.miktex/texmfs/install/fonts/e
nc/dvips/lm/lm-mathit.enc}{/home/alex/.miktex/texmfs/install/fonts/enc/dvips/lm
/lm-mathex.enc}</home/alex/.miktex/texmfs/install/fonts/type1/public/lm/lmbx12.
pfb></home/alex/.miktex/texmfs/install/fonts/type1/public/lm/lmbx8.pfb></home/a
lex/.miktex/texmfs/install/fonts/type1/public/lm/lmcsc10.pfb></home/alex/.mikte
x/texmfs/install/fonts/type1/public/lm/lmex10.pfb></home/alex/.miktex/texmfs/in
stall/fonts/type1/public/lm/lmmi12.pfb></home/alex/.miktex/texmfs/install/fonts
/type1/public/lm/lmmi6.pfb></home/alex/.miktex/texmfs/install/fonts/type1/publi
c/lm/lmmi8.pfb></home/alex/.miktex/texmfs/install/fonts/type1/public/lm/lmmib10
.pfb></home/alex/.miktex/texmfs/install/fonts/type1/public/lm/lmr10.pfb></home/
alex/.miktex/texmfs/install/fonts/type1/public/lm/lmr12.pfb></home/alex/.miktex
/texmfs/install/fonts/type1/public/lm/lmr17.pfb></home/alex/.miktex/texmfs/inst
all/fonts/type1/public/lm/lmr6.pfb></home/alex/.miktex/texmfs/install/fonts/typ
e1/public/lm/lmr8.pfb></home/alex/.miktex/texmfs/install/fonts/type1/public/lm/
lmri12.pfb></home/alex/.miktex/texmfs/install/fonts/type1/public/lm/lmssbx10.pf
b></home/alex/.miktex/texmfs/install/fonts/type1/public/lm/lmsy10.pfb></home/al
ex/.miktex/texmfs/install/fonts/type1/public/lm/lmsy6.pfb></home/alex/.miktex/t
exmfs/install/fonts/type1/public/lm/lmsy8.pfb></home/alex/.miktex/texmfs/instal
l/fonts/type1/public/lm/lmtt12.pfb></home/alex/.miktex/texmfs/install/fonts/typ
e1/public/amsfonts/symbols/msbm10.pfb>
Output written on Masterarbeit.pdf (31 pages, 2305201 bytes).
PDF statistics:
 594 PDF objects out of 1000 (max. 8388607)
 112 named destinations out of 1000 (max. 500000)
 249 words of extra memory for PDF output out of 10000 (max. 10000000)

